<?xml version="1.0" encoding="UTF-8"?>
<!-- Generated by org.testng.reporters.JUnitXMLReporter -->
<testsuite ignored="4" hostname="DESKTOP-AI6NF5T" failures="0" tests="1" name="Test3" time="5.79" errors="0" timestamp="2023-12-13T23:13:28 PST">
  <testcase classname="studyForxmlFile.XML_File_Study" name="openFaceBookApplication" time="5.773"/>
  <testcase classname="studyForxmlFile.XML_File_Study" name="myInfoDisplay" time="0.0">
    <ignored/>
  </testcase> <!-- myInfoDisplay -->
  <testcase classname="studyForxmlFile.XML_File_Study" name="login" time="0.0">
    <ignored/>
  </testcase> <!-- login -->
  <testcase classname="studyForxmlFile.XML_File_Study" name="verifyMyInfo" time="0.0">
    <ignored/>
  </testcase> <!-- verifyMyInfo -->
  <testcase classname="studyForxmlFile.XML_File_Study" name="openApplication" time="0.0">
    <ignored/>
  </testcase> <!-- openApplication -->
</testsuite> <!-- Test3 -->
