<?xml version="1.0" encoding="UTF-8"?>
<!-- Generated by org.testng.reporters.JUnitXMLReporter -->
<testsuite ignored="3" hostname="DESKTOP-AI6NF5T" failures="0" tests="1" name="Default test" time="8.248" errors="0" timestamp="2025-01-08T08:49:24 PST">
  <testcase classname="bDropDownHandling.DemoDropDownHadling" name="compareExpectedAndActualDropDownOption" time="2.32"/>
  <testcase classname="bDropDownHandling.DemoDropDownHadling" name="selectOptionFromeDropDown" time="0.0">
    <ignored/>
  </testcase> <!-- selectOptionFromeDropDown -->
  <testcase classname="bDropDownHandling.DemoDropDownHadling" name="clikingOnlyExpectedOption" time="0.0">
    <ignored/>
  </testcase> <!-- clikingOnlyExpectedOption -->
  <testcase classname="bDropDownHandling.DemoDropDownHadling" name="getOptionFromDropDown" time="0.0">
    <ignored/>
  </testcase> <!-- getOptionFromDropDown -->
</testsuite> <!-- Default test -->
