<?xml version="1.0" encoding="UTF-8"?>
<testng-results ignored="0" total="1" passed="1" failed="0" skipped="0">
  <reporter-output>
  </reporter-output>
  <suite started-at="2024-03-10T23:12:08 PDT" name="Default suite" finished-at="2024-03-10T23:12:17 PDT" duration-ms="9165">
    <groups>
    </groups>
    <test started-at="2024-03-10T23:12:08 PDT" name="Default test" finished-at="2024-03-10T23:12:17 PDT" duration-ms="9165">
      <class name="fileUploading.FileUploadingDemo">
        <test-method signature="validateUploadFile()[pri:0, instance:fileUploading.FileUploadingDemo@4b013c76]" started-at="2024-03-10T23:12:08 PDT" name="validateUploadFile" finished-at="2024-03-10T23:12:17 PDT" duration-ms="9065" status="PASS">
          <reporter-output>
          </reporter-output>
        </test-method> <!-- validateUploadFile -->
      </class> <!-- fileUploading.FileUploadingDemo -->
    </test> <!-- Default test -->
  </suite> <!-- Default suite -->
</testng-results>
