<?xml version="1.0" encoding="UTF-8"?>
<testng-results ignored="0" total="1" passed="1" failed="0" skipped="0">
  <reporter-output>
  </reporter-output>
  <suite started-at="2025-01-08T08:49:16 PST" name="Default suite" finished-at="2025-01-08T08:49:24 PST" duration-ms="8248">
    <groups>
    </groups>
    <test started-at="2025-01-08T08:49:16 PST" name="Default test" finished-at="2025-01-08T08:49:24 PST" duration-ms="8248">
      <class name="bDropDownHandling.DemoDropDownHadling">
        <test-method is-config="true" signature="setup()[pri:0, instance:bDropDownHandling.DemoDropDownHadling@606e4010]" started-at="2025-01-08T08:49:16 PST" name="setup" finished-at="2025-01-08T08:49:22 PST" duration-ms="5812" status="PASS">
          <reporter-output>
          </reporter-output>
        </test-method> <!-- setup -->
        <test-method signature="compareExpectedAndActualDropDownOption()[pri:0, instance:bDropDownHandling.DemoDropDownHadling@606e4010]" started-at="2025-01-08T08:49:22 PST" name="compareExpectedAndActualDropDownOption" finished-at="2025-01-08T08:49:24 PST" duration-ms="2320" status="PASS">
          <reporter-output>
          </reporter-output>
        </test-method> <!-- compareExpectedAndActualDropDownOption -->
      </class> <!-- bDropDownHandling.DemoDropDownHadling -->
    </test> <!-- Default test -->
  </suite> <!-- Default suite -->
</testng-results>
